<?xml version="1.0" encoding="UTF-8"?>
<testng-results skipped="0" failed="0" ignored="0" total="1" passed="1">
  <reporter-output>
  </reporter-output>
  <suite name="Default suite" duration-ms="25996" started-at="2020-09-19T09:41:05 IST" finished-at="2020-09-19T09:41:31 IST">
    <groups>
    </groups>
    <test name="Default test" duration-ms="25996" started-at="2020-09-19T09:41:05 IST" finished-at="2020-09-19T09:41:31 IST">
      <class name="com.maven.AppTest">
        <test-method status="PASS" signature="setupInitiation()[pri:0, instance:com.maven.AppTest@5e853265]" name="setupInitiation" is-config="true" duration-ms="6898" started-at="2020-09-19T09:41:05 IST" finished-at="2020-09-19T09:41:12 IST">
          <reporter-output>
          </reporter-output>
        </test-method> <!-- setupInitiation -->
        <test-method status="PASS" signature="verifyOneStopFlightCount()[pri:0, instance:com.maven.AppTest@5e853265]" name="verifyOneStopFlightCount" duration-ms="17585" started-at="2020-09-19T09:41:12 IST" finished-at="2020-09-19T09:41:30 IST">
          <reporter-output>
          </reporter-output>
        </test-method> <!-- verifyOneStopFlightCount -->
        <test-method status="PASS" signature="tearDown()[pri:0, instance:com.maven.AppTest@5e853265]" name="tearDown" is-config="true" duration-ms="1467" started-at="2020-09-19T09:41:30 IST" finished-at="2020-09-19T09:41:31 IST">
          <reporter-output>
          </reporter-output>
        </test-method> <!-- tearDown -->
      </class> <!-- com.maven.AppTest -->
    </test> <!-- Default test -->
  </suite> <!-- Default suite -->
</testng-results>
